<?xml version="1.0" encoding="UTF-8"?>
<testng-results skipped="0" failed="0" total="1" passed="1">
  <reporter-output>
  </reporter-output>
  <suite name="Default suite" duration-ms="45532" started-at="2018-11-24T06:43:54Z" finished-at="2018-11-24T06:44:39Z">
    <groups>
      <group name="cucumber">
        <method signature="AbstractTestNGCucumberTests.feature(cucumber.api.testng.CucumberFeatureWrapper)[pri:0, instance:cucumber.runner.TestRunnerDemo@5a1c0542]" name="feature" class="cucumber.api.testng.AbstractTestNGCucumberTests"/>
      </group> <!-- cucumber -->
    </groups>
    <test name="Default test" duration-ms="45532" started-at="2018-11-24T06:43:54Z" finished-at="2018-11-24T06:44:39Z">
      <class name="cucumber.runner.TestRunnerDemo">
        <test-method status="PASS" signature="setUpClass()[pri:0, instance:cucumber.runner.TestRunnerDemo@5a1c0542]" name="setUpClass" is-config="true" duration-ms="1711" started-at="2018-11-24T19:43:54Z" finished-at="2018-11-24T19:43:55Z">
          <reporter-output>
          </reporter-output>
        </test-method> <!-- setUpClass -->
        <test-method status="PASS" signature="feature(cucumber.api.testng.CucumberFeatureWrapper)[pri:0, instance:cucumber.runner.TestRunnerDemo@5a1c0542]" name="feature" duration-ms="41547" started-at="2018-11-24T19:43:56Z" description="Runs Cucumber Feature" data-provider="features" finished-at="2018-11-24T19:44:37Z">
          <params>
            <param index="0">
              <value>
                <![CDATA[Write Shopping Review]]>
              </value>
            </param>
          </params>
          <reporter-output>
          </reporter-output>
        </test-method> <!-- feature -->
        <test-method status="PASS" signature="tearDownClass()[pri:0, instance:cucumber.runner.TestRunnerDemo@5a1c0542]" name="tearDownClass" is-config="true" duration-ms="1856" started-at="2018-11-24T19:44:37Z" finished-at="2018-11-24T19:44:39Z">
          <reporter-output>
          </reporter-output>
        </test-method> <!-- tearDownClass -->
      </class> <!-- cucumber.runner.TestRunnerDemo -->
    </test> <!-- Default test -->
  </suite> <!-- Default suite -->
</testng-results>
