<?xml version="1.0" encoding="UTF-8"?>
<testng-results skipped="0" failed="0" total="1" passed="1">
  <reporter-output>
  </reporter-output>
  <suite name="Default suite" duration-ms="33180" started-at="2018-11-27T06:36:51Z" finished-at="2018-11-27T06:37:24Z">
    <groups>
      <group name="cucumber">
        <method signature="AbstractTestNGCucumberTests.feature(cucumber.api.testng.CucumberFeatureWrapper)[pri:0, instance:cucumber.runner.TestRunnerDemo@313b2ea6]" name="feature" class="cucumber.api.testng.AbstractTestNGCucumberTests"/>
      </group> <!-- cucumber -->
    </groups>
    <test name="Default test" duration-ms="33180" started-at="2018-11-27T06:36:51Z" finished-at="2018-11-27T06:37:24Z">
      <class name="cucumber.runner.TestRunnerDemo">
        <test-method status="PASS" signature="setUpClass()[pri:0, instance:cucumber.runner.TestRunnerDemo@313b2ea6]" name="setUpClass" is-config="true" duration-ms="1030" started-at="2018-11-27T19:36:51Z" finished-at="2018-11-27T19:36:52Z">
          <reporter-output>
          </reporter-output>
        </test-method> <!-- setUpClass -->
        <test-method status="PASS" signature="feature(cucumber.api.testng.CucumberFeatureWrapper)[pri:0, instance:cucumber.runner.TestRunnerDemo@313b2ea6]" name="feature" duration-ms="31042" started-at="2018-11-27T19:36:52Z" description="Runs Cucumber Feature" data-provider="features" finished-at="2018-11-27T19:37:23Z">
          <params>
            <param index="0">
              <value>
                <![CDATA[Write Shopping Review]]>
              </value>
            </param>
          </params>
          <reporter-output>
          </reporter-output>
        </test-method> <!-- feature -->
        <test-method status="PASS" signature="tearDownClass()[pri:0, instance:cucumber.runner.TestRunnerDemo@313b2ea6]" name="tearDownClass" is-config="true" duration-ms="909" started-at="2018-11-27T19:37:23Z" finished-at="2018-11-27T19:37:24Z">
          <reporter-output>
          </reporter-output>
        </test-method> <!-- tearDownClass -->
      </class> <!-- cucumber.runner.TestRunnerDemo -->
    </test> <!-- Default test -->
  </suite> <!-- Default suite -->
</testng-results>
